[2m2020-06-11 00:00:19.780[0;39m [32mDEBUG[0;39m [35m9600[0;39m [2m---[0;39m [2m[l-1 housekeeper][0;39m [36mcom.zaxxer.hikari.pool.HikariPool       [0;39m [2m:[0;39m HikariPool-1 - Pool stats (total=10, active=0, idle=10, waiting=0)
[2m2020-06-11 00:00:20.047[0;39m [32mDEBUG[0;39m [35m9600[0;39m [2m---[0;39m [2m[l-1 housekeeper][0;39m [36mcom.zaxxer.hikari.pool.HikariPool       [0;39m [2m:[0;39m HikariPool-1 - Fill pool skipped, pool is at sufficient level.
[2m2020-06-11 00:00:50.049[0;39m [32mDEBUG[0;39m [35m9600[0;39m [2m---[0;39m [2m[l-1 housekeeper][0;39m [36mcom.zaxxer.hikari.pool.HikariPool       [0;39m [2m:[0;39m HikariPool-1 - Pool stats (total=10, active=0, idle=10, waiting=0)
[2m2020-06-11 00:00:50.049[0;39m [32mDEBUG[0;39m [35m9600[0;39m [2m---[0;39m [2m[l-1 housekeeper][0;39m [36mcom.zaxxer.hikari.pool.HikariPool       [0;39m [2m:[0;39m HikariPool-1 - Fill pool skipped, pool is at sufficient level.
[2m2020-06-11 00:01:20.051[0;39m [32mDEBUG[0;39m [35m9600[0;39m [2m---[0;39m [2m[l-1 housekeeper][0;39m [36mcom.zaxxer.hikari.pool.HikariPool       [0;39m [2m:[0;39m HikariPool-1 - Pool stats (total=10, active=0, idle=10, waiting=0)
[2m2020-06-11 00:01:20.051[0;39m [32mDEBUG[0;39m [35m9600[0;39m [2m---[0;39m [2m[l-1 housekeeper][0;39m [36mcom.zaxxer.hikari.pool.HikariPool       [0;39m [2m:[0;39m HikariPool-1 - Fill pool skipped, pool is at sufficient level.
[2m2020-06-11 00:01:50.053[0;39m [32mDEBUG[0;39m [35m9600[0;39m [2m---[0;39m [2m[l-1 housekeeper][0;39m [36mcom.zaxxer.hikari.pool.HikariPool       [0;39m [2m:[0;39m HikariPool-1 - Pool stats (total=10, active=0, idle=10, waiting=0)
[2m2020-06-11 00:01:50.053[0;39m [32mDEBUG[0;39m [35m9600[0;39m [2m---[0;39m [2m[l-1 housekeeper][0;39m [36mcom.zaxxer.hikari.pool.HikariPool       [0;39m [2m:[0;39m HikariPool-1 - Fill pool skipped, pool is at sufficient level.
[2m2020-06-11 00:02:20.055[0;39m [32mDEBUG[0;39m [35m9600[0;39m [2m---[0;39m [2m[l-1 housekeeper][0;39m [36mcom.zaxxer.hikari.pool.HikariPool       [0;39m [2m:[0;39m HikariPool-1 - Pool stats (total=10, active=0, idle=10, waiting=0)
[2m2020-06-11 00:02:20.055[0;39m [32mDEBUG[0;39m [35m9600[0;39m [2m---[0;39m [2m[l-1 housekeeper][0;39m [36mcom.zaxxer.hikari.pool.HikariPool       [0;39m [2m:[0;39m HikariPool-1 - Fill pool skipped, pool is at sufficient level.
[2m2020-06-11 00:02:50.056[0;39m [32mDEBUG[0;39m [35m9600[0;39m [2m---[0;39m [2m[l-1 housekeeper][0;39m [36mcom.zaxxer.hikari.pool.HikariPool       [0;39m [2m:[0;39m HikariPool-1 - Pool stats (total=10, active=0, idle=10, waiting=0)
[2m2020-06-11 00:02:50.056[0;39m [32mDEBUG[0;39m [35m9600[0;39m [2m---[0;39m [2m[l-1 housekeeper][0;39m [36mcom.zaxxer.hikari.pool.HikariPool       [0;39m [2m:[0;39m HikariPool-1 - Fill pool skipped, pool is at sufficient level.
[2m2020-06-11 00:03:20.058[0;39m [32mDEBUG[0;39m [35m9600[0;39m [2m---[0;39m [2m[l-1 housekeeper][0;39m [36mcom.zaxxer.hikari.pool.HikariPool       [0;39m [2m:[0;39m HikariPool-1 - Pool stats (total=10, active=0, idle=10, waiting=0)
[2m2020-06-11 00:03:20.058[0;39m [32mDEBUG[0;39m [35m9600[0;39m [2m---[0;39m [2m[l-1 housekeeper][0;39m [36mcom.zaxxer.hikari.pool.HikariPool       [0;39m [2m:[0;39m HikariPool-1 - Fill pool skipped, pool is at sufficient level.
[2m2020-06-11 00:03:50.060[0;39m [32mDEBUG[0;39m [35m9600[0;39m [2m---[0;39m [2m[l-1 housekeeper][0;39m [36mcom.zaxxer.hikari.pool.HikariPool       [0;39m [2m:[0;39m HikariPool-1 - Pool stats (total=10, active=0, idle=10, waiting=0)
[2m2020-06-11 00:03:50.060[0;39m [32mDEBUG[0;39m [35m9600[0;39m [2m---[0;39m [2m[l-1 housekeeper][0;39m [36mcom.zaxxer.hikari.pool.HikariPool       [0;39m [2m:[0;39m HikariPool-1 - Fill pool skipped, pool is at sufficient level.
[2m2020-06-11 00:04:18.732[0;39m [32mDEBUG[0;39m [35m9600[0;39m [2m---[0;39m [2m[nnection closer][0;39m [36mcom.zaxxer.hikari.pool.PoolBase         [0;39m [2m:[0;39m HikariPool-1 - Closing connection com.mysql.cj.jdbc.ConnectionImpl@576f2d06: (connection has passed maxLifetime)
[2m2020-06-11 00:04:18.796[0;39m [32mDEBUG[0;39m [35m9600[0;39m [2m---[0;39m [2m[onnection adder][0;39m [36mcom.zaxxer.hikari.pool.HikariPool       [0;39m [2m:[0;39m HikariPool-1 - Added connection com.mysql.cj.jdbc.ConnectionImpl@1e0ab307
[2m2020-06-11 00:04:20.062[0;39m [32mDEBUG[0;39m [35m9600[0;39m [2m---[0;39m [2m[l-1 housekeeper][0;39m [36mcom.zaxxer.hikari.pool.HikariPool       [0;39m [2m:[0;39m HikariPool-1 - Pool stats (total=10, active=0, idle=10, waiting=0)
[2m2020-06-11 00:04:20.062[0;39m [32mDEBUG[0;39m [35m9600[0;39m [2m---[0;39m [2m[l-1 housekeeper][0;39m [36mcom.zaxxer.hikari.pool.HikariPool       [0;39m [2m:[0;39m HikariPool-1 - Fill pool skipped, pool is at sufficient level.
[2m2020-06-11 00:04:50.063[0;39m [32mDEBUG[0;39m [35m9600[0;39m [2m---[0;39m [2m[l-1 housekeeper][0;39m [36mcom.zaxxer.hikari.pool.HikariPool       [0;39m [2m:[0;39m HikariPool-1 - Pool stats (total=10, active=0, idle=10, waiting=0)
[2m2020-06-11 00:04:50.063[0;39m [32mDEBUG[0;39m [35m9600[0;39m [2m---[0;39m [2m[l-1 housekeeper][0;39m [36mcom.zaxxer.hikari.pool.HikariPool       [0;39m [2m:[0;39m HikariPool-1 - Fill pool skipped, pool is at sufficient level.
[2m2020-06-11 00:04:58.871[0;39m [32mDEBUG[0;39m [35m9600[0;39m [2m---[0;39m [2m[nnection closer][0;39m [36mcom.zaxxer.hikari.pool.PoolBase         [0;39m [2m:[0;39m HikariPool-1 - Closing connection com.mysql.cj.jdbc.ConnectionImpl@648944f: (connection has passed maxLifetime)
[2m2020-06-11 00:04:58.925[0;39m [32mDEBUG[0;39m [35m9600[0;39m [2m---[0;39m [2m[onnection adder][0;39m [36mcom.zaxxer.hikari.pool.HikariPool       [0;39m [2m:[0;39m HikariPool-1 - Added connection com.mysql.cj.jdbc.ConnectionImpl@2c767b7d
[2m2020-06-11 00:04:59.300[0;39m [32mDEBUG[0;39m [35m9600[0;39m [2m---[0;39m [2m[nnection closer][0;39m [36mcom.zaxxer.hikari.pool.PoolBase         [0;39m [2m:[0;39m HikariPool-1 - Closing connection com.mysql.cj.jdbc.ConnectionImpl@792b2dbc: (connection has passed maxLifetime)
[2m2020-06-11 00:04:59.316[0;39m [32mDEBUG[0;39m [35m9600[0;39m [2m---[0;39m [2m[onnection adder][0;39m [36mcom.zaxxer.hikari.pool.HikariPool       [0;39m [2m:[0;39m HikariPool-1 - Added connection com.mysql.cj.jdbc.ConnectionImpl@6d4b7146
[2m2020-06-11 00:05:06.199[0;39m [32mDEBUG[0;39m [35m9600[0;39m [2m---[0;39m [2m[nnection closer][0;39m [36mcom.zaxxer.hikari.pool.PoolBase         [0;39m [2m:[0;39m HikariPool-1 - Closing connection com.mysql.cj.jdbc.ConnectionImpl@2b5f05ce: (connection has passed maxLifetime)
[2m2020-06-11 00:05:06.234[0;39m [32mDEBUG[0;39m [35m9600[0;39m [2m---[0;39m [2m[onnection adder][0;39m [36mcom.zaxxer.hikari.pool.HikariPool       [0;39m [2m:[0;39m HikariPool-1 - Added connection com.mysql.cj.jdbc.ConnectionImpl@744a05a4
[2m2020-06-11 00:05:19.835[0;39m [32mDEBUG[0;39m [35m9600[0;39m [2m---[0;39m [2m[nnection closer][0;39m [36mcom.zaxxer.hikari.pool.PoolBase         [0;39m [2m:[0;39m HikariPool-1 - Closing connection com.mysql.cj.jdbc.ConnectionImpl@38162787: (connection has passed maxLifetime)
[2m2020-06-11 00:05:19.909[0;39m [32mDEBUG[0;39m [35m9600[0;39m [2m---[0;39m [2m[onnection adder][0;39m [36mcom.zaxxer.hikari.pool.HikariPool       [0;39m [2m:[0;39m HikariPool-1 - Added connection com.mysql.cj.jdbc.ConnectionImpl@7af33b6f
[2m2020-06-11 00:05:20.065[0;39m [32mDEBUG[0;39m [35m9600[0;39m [2m---[0;39m [2m[l-1 housekeeper][0;39m [36mcom.zaxxer.hikari.pool.HikariPool       [0;39m [2m:[0;39m HikariPool-1 - Pool stats (total=10, active=0, idle=10, waiting=0)
[2m2020-06-11 00:05:20.065[0;39m [32mDEBUG[0;39m [35m9600[0;39m [2m---[0;39m [2m[l-1 housekeeper][0;39m [36mcom.zaxxer.hikari.pool.HikariPool       [0;39m [2m:[0;39m HikariPool-1 - Fill pool skipped, pool is at sufficient level.
[2m2020-06-11 00:05:34.401[0;39m [32mDEBUG[0;39m [35m9600[0;39m [2m---[0;39m [2m[nnection closer][0;39m [36mcom.zaxxer.hikari.pool.PoolBase         [0;39m [2m:[0;39m HikariPool-1 - Closing connection com.mysql.cj.jdbc.ConnectionImpl@6a620ff5: (connection has passed maxLifetime)
[2m2020-06-11 00:05:34.415[0;39m [32mDEBUG[0;39m [35m9600[0;39m [2m---[0;39m [2m[onnection adder][0;39m [36mcom.zaxxer.hikari.pool.HikariPool       [0;39m [2m:[0;39m HikariPool-1 - Added connection com.mysql.cj.jdbc.ConnectionImpl@5cae492b
[2m2020-06-11 00:05:36.275[0;39m [32mDEBUG[0;39m [35m9600[0;39m [2m---[0;39m [2m[nnection closer][0;39m [36mcom.zaxxer.hikari.pool.PoolBase         [0;39m [2m:[0;39m HikariPool-1 - Closing connection com.mysql.cj.jdbc.ConnectionImpl@644ee469: (connection has passed maxLifetime)
[2m2020-06-11 00:05:36.302[0;39m [32mDEBUG[0;39m [35m9600[0;39m [2m---[0;39m [2m[onnection adder][0;39m [36mcom.zaxxer.hikari.pool.HikariPool       [0;39m [2m:[0;39m HikariPool-1 - Added connection com.mysql.cj.jdbc.ConnectionImpl@1d934310
[2m2020-06-11 00:05:46.695[0;39m [32mDEBUG[0;39m [35m9600[0;39m [2m---[0;39m [2m[nnection closer][0;39m [36mcom.zaxxer.hikari.pool.PoolBase         [0;39m [2m:[0;39m HikariPool-1 - Closing connection com.mysql.cj.jdbc.ConnectionImpl@352f195d: (connection has passed maxLifetime)
[2m2020-06-11 00:05:46.722[0;39m [32mDEBUG[0;39m [35m9600[0;39m [2m---[0;39m [2m[onnection adder][0;39m [36mcom.zaxxer.hikari.pool.HikariPool       [0;39m [2m:[0;39m HikariPool-1 - Added connection com.mysql.cj.jdbc.ConnectionImpl@56c3de4e
[2m2020-06-11 00:05:50.066[0;39m [32mDEBUG[0;39m [35m9600[0;39m [2m---[0;39m [2m[l-1 housekeeper][0;39m [36mcom.zaxxer.hikari.pool.HikariPool       [0;39m [2m:[0;39m HikariPool-1 - Pool stats (total=10, active=0, idle=10, waiting=0)
[2m2020-06-11 00:05:50.066[0;39m [32mDEBUG[0;39m [35m9600[0;39m [2m---[0;39m [2m[l-1 housekeeper][0;39m [36mcom.zaxxer.hikari.pool.HikariPool       [0;39m [2m:[0;39m HikariPool-1 - Fill pool skipped, pool is at sufficient level.
[2m2020-06-11 00:05:53.237[0;39m [32mDEBUG[0;39m [35m9600[0;39m [2m---[0;39m [2m[nnection closer][0;39m [36mcom.zaxxer.hikari.pool.PoolBase         [0;39m [2m:[0;39m HikariPool-1 - Closing connection com.mysql.cj.jdbc.ConnectionImpl@455c111d: (connection has passed maxLifetime)
[2m2020-06-11 00:05:53.268[0;39m [32mDEBUG[0;39m [35m9600[0;39m [2m---[0;39m [2m[onnection adder][0;39m [36mcom.zaxxer.hikari.pool.HikariPool       [0;39m [2m:[0;39m HikariPool-1 - Added connection com.mysql.cj.jdbc.ConnectionImpl@7fe44ad5
[2m2020-06-11 00:05:54.881[0;39m [32mDEBUG[0;39m [35m9600[0;39m [2m---[0;39m [2m[nnection closer][0;39m [36mcom.zaxxer.hikari.pool.PoolBase         [0;39m [2m:[0;39m HikariPool-1 - Closing connection com.mysql.cj.jdbc.ConnectionImpl@4611b26: (connection has passed maxLifetime)
[2m2020-06-11 00:05:54.919[0;39m [32mDEBUG[0;39m [35m9600[0;39m [2m---[0;39m [2m[onnection adder][0;39m [36mcom.zaxxer.hikari.pool.HikariPool       [0;39m [2m:[0;39m HikariPool-1 - Added connection com.mysql.cj.jdbc.ConnectionImpl@3ed940ee
[2m2020-06-11 00:06:20.068[0;39m [32mDEBUG[0;39m [35m9600[0;39m [2m---[0;39m [2m[l-1 housekeeper][0;39m [36mcom.zaxxer.hikari.pool.HikariPool       [0;39m [2m:[0;39m HikariPool-1 - Pool stats (total=10, active=0, idle=10, waiting=0)
[2m2020-06-11 00:06:20.068[0;39m [32mDEBUG[0;39m [35m9600[0;39m [2m---[0;39m [2m[l-1 housekeeper][0;39m [36mcom.zaxxer.hikari.pool.HikariPool       [0;39m [2m:[0;39m HikariPool-1 - Fill pool skipped, pool is at sufficient level.
[2m2020-06-11 00:06:50.069[0;39m [32mDEBUG[0;39m [35m9600[0;39m [2m---[0;39m [2m[l-1 housekeeper][0;39m [36mcom.zaxxer.hikari.pool.HikariPool       [0;39m [2m:[0;39m HikariPool-1 - Pool stats (total=10, active=0, idle=10, waiting=0)
[2m2020-06-11 00:06:50.069[0;39m [32mDEBUG[0;39m [35m9600[0;39m [2m---[0;39m [2m[l-1 housekeeper][0;39m [36mcom.zaxxer.hikari.pool.HikariPool       [0;39m [2m:[0;39m HikariPool-1 - Fill pool skipped, pool is at sufficient level.
[2m2020-06-11 00:07:20.071[0;39m [32mDEBUG[0;39m [35m9600[0;39m [2m---[0;39m [2m[l-1 housekeeper][0;39m [36mcom.zaxxer.hikari.pool.HikariPool       [0;39m [2m:[0;39m HikariPool-1 - Pool stats (total=10, active=0, idle=10, waiting=0)
[2m2020-06-11 00:07:20.071[0;39m [32mDEBUG[0;39m [35m9600[0;39m [2m---[0;39m [2m[l-1 housekeeper][0;39m [36mcom.zaxxer.hikari.pool.HikariPool       [0;39m [2m:[0;39m HikariPool-1 - Fill pool skipped, pool is at sufficient level.
[2m2020-06-11 00:07:50.073[0;39m [32mDEBUG[0;39m [35m9600[0;39m [2m---[0;39m [2m[l-1 housekeeper][0;39m [36mcom.zaxxer.hikari.pool.HikariPool       [0;39m [2m:[0;39m HikariPool-1 - Pool stats (total=10, active=0, idle=10, waiting=0)
[2m2020-06-11 00:07:50.073[0;39m [32mDEBUG[0;39m [35m9600[0;39m [2m---[0;39m [2m[l-1 housekeeper][0;39m [36mcom.zaxxer.hikari.pool.HikariPool       [0;39m [2m:[0;39m HikariPool-1 - Fill pool skipped, pool is at sufficient level.
[2m2020-06-11 00:08:20.075[0;39m [32mDEBUG[0;39m [35m9600[0;39m [2m---[0;39m [2m[l-1 housekeeper][0;39m [36mcom.zaxxer.hikari.pool.HikariPool       [0;39m [2m:[0;39m HikariPool-1 - Pool stats (total=10, active=0, idle=10, waiting=0)
[2m2020-06-11 00:08:20.075[0;39m [32mDEBUG[0;39m [35m9600[0;39m [2m---[0;39m [2m[l-1 housekeeper][0;39m [36mcom.zaxxer.hikari.pool.HikariPool       [0;39m [2m:[0;39m HikariPool-1 - Fill pool skipped, pool is at sufficient level.
[2m2020-06-11 00:08:50.076[0;39m [32mDEBUG[0;39m [35m9600[0;39m [2m---[0;39m [2m[l-1 housekeeper][0;39m [36mcom.zaxxer.hikari.pool.HikariPool       [0;39m [2m:[0;39m HikariPool-1 - Pool stats (total=10, active=0, idle=10, waiting=0)
[2m2020-06-11 00:08:50.076[0;39m [32mDEBUG[0;39m [35m9600[0;39m [2m---[0;39m [2m[l-1 housekeeper][0;39m [36mcom.zaxxer.hikari.pool.HikariPool       [0;39m [2m:[0;39m HikariPool-1 - Fill pool skipped, pool is at sufficient level.
[2m2020-06-11 00:09:20.077[0;39m [32mDEBUG[0;39m [35m9600[0;39m [2m---[0;39m [2m[l-1 housekeeper][0;39m [36mcom.zaxxer.hikari.pool.HikariPool       [0;39m [2m:[0;39m HikariPool-1 - Pool stats (total=10, active=0, idle=10, waiting=0)
[2m2020-06-11 00:09:20.077[0;39m [32mDEBUG[0;39m [35m9600[0;39m [2m---[0;39m [2m[l-1 housekeeper][0;39m [36mcom.zaxxer.hikari.pool.HikariPool       [0;39m [2m:[0;39m HikariPool-1 - Fill pool skipped, pool is at sufficient level.
[2m2020-06-11 00:09:50.079[0;39m [32mDEBUG[0;39m [35m9600[0;39m [2m---[0;39m [2m[l-1 housekeeper][0;39m [36mcom.zaxxer.hikari.pool.HikariPool       [0;39m [2m:[0;39m HikariPool-1 - Pool stats (total=10, active=0, idle=10, waiting=0)
[2m2020-06-11 00:09:50.079[0;39m [32mDEBUG[0;39m [35m9600[0;39m [2m---[0;39m [2m[l-1 housekeeper][0;39m [36mcom.zaxxer.hikari.pool.HikariPool       [0;39m [2m:[0;39m HikariPool-1 - Fill pool skipped, pool is at sufficient level.
[2m2020-06-11 00:10:20.081[0;39m [32mDEBUG[0;39m [35m9600[0;39m [2m---[0;39m [2m[l-1 housekeeper][0;39m [36mcom.zaxxer.hikari.pool.HikariPool       [0;39m [2m:[0;39m HikariPool-1 - Pool stats (total=10, active=0, idle=10, waiting=0)
[2m2020-06-11 00:10:20.081[0;39m [32mDEBUG[0;39m [35m9600[0;39m [2m---[0;39m [2m[l-1 housekeeper][0;39m [36mcom.zaxxer.hikari.pool.HikariPool       [0;39m [2m:[0;39m HikariPool-1 - Fill pool skipped, pool is at sufficient level.
[2m2020-06-11 00:10:50.083[0;39m [32mDEBUG[0;39m [35m9600[0;39m [2m---[0;39m [2m[l-1 housekeeper][0;39m [36mcom.zaxxer.hikari.pool.HikariPool       [0;39m [2m:[0;39m HikariPool-1 - Pool stats (total=10, active=0, idle=10, waiting=0)
[2m2020-06-11 00:10:50.083[0;39m [32mDEBUG[0;39m [35m9600[0;39m [2m---[0;39m [2m[l-1 housekeeper][0;39m [36mcom.zaxxer.hikari.pool.HikariPool       [0;39m [2m:[0;39m HikariPool-1 - Fill pool skipped, pool is at sufficient level.
[2m2020-06-11 00:11:20.084[0;39m [32mDEBUG[0;39m [35m9600[0;39m [2m---[0;39m [2m[l-1 housekeeper][0;39m [36mcom.zaxxer.hikari.pool.HikariPool       [0;39m [2m:[0;39m HikariPool-1 - Pool stats (total=10, active=0, idle=10, waiting=0)
[2m2020-06-11 00:11:20.084[0;39m [32mDEBUG[0;39m [35m9600[0;39m [2m---[0;39m [2m[l-1 housekeeper][0;39m [36mcom.zaxxer.hikari.pool.HikariPool       [0;39m [2m:[0;39m HikariPool-1 - Fill pool skipped, pool is at sufficient level.
[2m2020-06-11 00:11:50.086[0;39m [32mDEBUG[0;39m [35m9600[0;39m [2m---[0;39m [2m[l-1 housekeeper][0;39m [36mcom.zaxxer.hikari.pool.HikariPool       [0;39m [2m:[0;39m HikariPool-1 - Pool stats (total=10, active=0, idle=10, waiting=0)
[2m2020-06-11 00:11:50.086[0;39m [32mDEBUG[0;39m [35m9600[0;39m [2m---[0;39m [2m[l-1 housekeeper][0;39m [36mcom.zaxxer.hikari.pool.HikariPool       [0;39m [2m:[0;39m HikariPool-1 - Fill pool skipped, pool is at sufficient level.
[2m2020-06-11 00:12:20.088[0;39m [32mDEBUG[0;39m [35m9600[0;39m [2m---[0;39m [2m[l-1 housekeeper][0;39m [36mcom.zaxxer.hikari.pool.HikariPool       [0;39m [2m:[0;39m HikariPool-1 - Pool stats (total=10, active=0, idle=10, waiting=0)
[2m2020-06-11 00:12:20.088[0;39m [32mDEBUG[0;39m [35m9600[0;39m [2m---[0;39m [2m[l-1 housekeeper][0;39m [36mcom.zaxxer.hikari.pool.HikariPool       [0;39m [2m:[0;39m HikariPool-1 - Fill pool skipped, pool is at sufficient level.
[2m2020-06-11 00:12:50.090[0;39m [32mDEBUG[0;39m [35m9600[0;39m [2m---[0;39m [2m[l-1 housekeeper][0;39m [36mcom.zaxxer.hikari.pool.HikariPool       [0;39m [2m:[0;39m HikariPool-1 - Pool stats (total=10, active=0, idle=10, waiting=0)
[2m2020-06-11 00:12:50.090[0;39m [32mDEBUG[0;39m [35m9600[0;39m [2m---[0;39m [2m[l-1 housekeeper][0;39m [36mcom.zaxxer.hikari.pool.HikariPool       [0;39m [2m:[0;39m HikariPool-1 - Fill pool skipped, pool is at sufficient level.
[2m2020-06-11 00:13:20.091[0;39m [32mDEBUG[0;39m [35m9600[0;39m [2m---[0;39m [2m[l-1 housekeeper][0;39m [36mcom.zaxxer.hikari.pool.HikariPool       [0;39m [2m:[0;39m HikariPool-1 - Pool stats (total=10, active=0, idle=10, waiting=0)
[2m2020-06-11 00:13:20.091[0;39m [32mDEBUG[0;39m [35m9600[0;39m [2m---[0;39m [2m[l-1 housekeeper][0;39m [36mcom.zaxxer.hikari.pool.HikariPool       [0;39m [2m:[0;39m HikariPool-1 - Fill pool skipped, pool is at sufficient level.
[2m2020-06-11 00:13:50.093[0;39m [32mDEBUG[0;39m [35m9600[0;39m [2m---[0;39m [2m[l-1 housekeeper][0;39m [36mcom.zaxxer.hikari.pool.HikariPool       [0;39m [2m:[0;39m HikariPool-1 - Pool stats (total=10, active=0, idle=10, waiting=0)
[2m2020-06-11 00:13:50.093[0;39m [32mDEBUG[0;39m [35m9600[0;39m [2m---[0;39m [2m[l-1 housekeeper][0;39m [36mcom.zaxxer.hikari.pool.HikariPool       [0;39m [2m:[0;39m HikariPool-1 - Fill pool skipped, pool is at sufficient level.
[2m2020-06-11 00:14:20.095[0;39m [32mDEBUG[0;39m [35m9600[0;39m [2m---[0;39m [2m[l-1 housekeeper][0;39m [36mcom.zaxxer.hikari.pool.HikariPool       [0;39m [2m:[0;39m HikariPool-1 - Pool stats (total=10, active=0, idle=10, waiting=0)
[2m2020-06-11 00:14:20.095[0;39m [32mDEBUG[0;39m [35m9600[0;39m [2m---[0;39m [2m[l-1 housekeeper][0;39m [36mcom.zaxxer.hikari.pool.HikariPool       [0;39m [2m:[0;39m HikariPool-1 - Fill pool skipped, pool is at sufficient level.
[2m2020-06-11 00:14:50.097[0;39m [32mDEBUG[0;39m [35m9600[0;39m [2m---[0;39m [2m[l-1 housekeeper][0;39m [36mcom.zaxxer.hikari.pool.HikariPool       [0;39m [2m:[0;39m HikariPool-1 - Pool stats (total=10, active=0, idle=10, waiting=0)
[2m2020-06-11 00:14:50.097[0;39m [32mDEBUG[0;39m [35m9600[0;39m [2m---[0;39m [2m[l-1 housekeeper][0;39m [36mcom.zaxxer.hikari.pool.HikariPool       [0;39m [2m:[0;39m HikariPool-1 - Fill pool skipped, pool is at sufficient level.
[2m2020-06-11 00:15:20.098[0;39m [32mDEBUG[0;39m [35m9600[0;39m [2m---[0;39m [2m[l-1 housekeeper][0;39m [36mcom.zaxxer.hikari.pool.HikariPool       [0;39m [2m:[0;39m HikariPool-1 - Pool stats (total=10, active=0, idle=10, waiting=0)
[2m2020-06-11 00:15:20.098[0;39m [32mDEBUG[0;39m [35m9600[0;39m [2m---[0;39m [2m[l-1 housekeeper][0;39m [36mcom.zaxxer.hikari.pool.HikariPool       [0;39m [2m:[0;39m HikariPool-1 - Fill pool skipped, pool is at sufficient level.
[2m2020-06-11 00:15:50.100[0;39m [32mDEBUG[0;39m [35m9600[0;39m [2m---[0;39m [2m[l-1 housekeeper][0;39m [36mcom.zaxxer.hikari.pool.HikariPool       [0;39m [2m:[0;39m HikariPool-1 - Pool stats (total=10, active=0, idle=10, waiting=0)
[2m2020-06-11 00:15:50.100[0;39m [32mDEBUG[0;39m [35m9600[0;39m [2m---[0;39m [2m[l-1 housekeeper][0;39m [36mcom.zaxxer.hikari.pool.HikariPool       [0;39m [2m:[0;39m HikariPool-1 - Fill pool skipped, pool is at sufficient level.
[2m2020-06-11 00:16:20.102[0;39m [32mDEBUG[0;39m [35m9600[0;39m [2m---[0;39m [2m[l-1 housekeeper][0;39m [36mcom.zaxxer.hikari.pool.HikariPool       [0;39m [2m:[0;39m HikariPool-1 - Pool stats (total=10, active=0, idle=10, waiting=0)
[2m2020-06-11 00:16:20.102[0;39m [32mDEBUG[0;39m [35m9600[0;39m [2m---[0;39m [2m[l-1 housekeeper][0;39m [36mcom.zaxxer.hikari.pool.HikariPool       [0;39m [2m:[0;39m HikariPool-1 - Fill pool skipped, pool is at sufficient level.
[2m2020-06-11 00:16:50.104[0;39m [32mDEBUG[0;39m [35m9600[0;39m [2m---[0;39m [2m[l-1 housekeeper][0;39m [36mcom.zaxxer.hikari.pool.HikariPool       [0;39m [2m:[0;39m HikariPool-1 - Pool stats (total=10, active=0, idle=10, waiting=0)
[2m2020-06-11 00:16:50.104[0;39m [32mDEBUG[0;39m [35m9600[0;39m [2m---[0;39m [2m[l-1 housekeeper][0;39m [36mcom.zaxxer.hikari.pool.HikariPool       [0;39m [2m:[0;39m HikariPool-1 - Fill pool skipped, pool is at sufficient level.
[2m2020-06-11 00:17:20.105[0;39m [32mDEBUG[0;39m [35m9600[0;39m [2m---[0;39m [2m[l-1 housekeeper][0;39m [36mcom.zaxxer.hikari.pool.HikariPool       [0;39m [2m:[0;39m HikariPool-1 - Pool stats (total=10, active=0, idle=10, waiting=0)
[2m2020-06-11 00:17:20.105[0;39m [32mDEBUG[0;39m [35m9600[0;39m [2m---[0;39m [2m[l-1 housekeeper][0;39m [36mcom.zaxxer.hikari.pool.HikariPool       [0;39m [2m:[0;39m HikariPool-1 - Fill pool skipped, pool is at sufficient level.
[2m2020-06-11 00:17:50.107[0;39m [32mDEBUG[0;39m [35m9600[0;39m [2m---[0;39m [2m[l-1 housekeeper][0;39m [36mcom.zaxxer.hikari.pool.HikariPool       [0;39m [2m:[0;39m HikariPool-1 - Pool stats (total=10, active=0, idle=10, waiting=0)
[2m2020-06-11 00:17:50.107[0;39m [32mDEBUG[0;39m [35m9600[0;39m [2m---[0;39m [2m[l-1 housekeeper][0;39m [36mcom.zaxxer.hikari.pool.HikariPool       [0;39m [2m:[0;39m HikariPool-1 - Fill pool skipped, pool is at sufficient level.
[2m2020-06-11 00:18:20.109[0;39m [32mDEBUG[0;39m [35m9600[0;39m [2m---[0;39m [2m[l-1 housekeeper][0;39m [36mcom.zaxxer.hikari.pool.HikariPool       [0;39m [2m:[0;39m HikariPool-1 - Pool stats (total=10, active=0, idle=10, waiting=0)
[2m2020-06-11 00:18:20.109[0;39m [32mDEBUG[0;39m [35m9600[0;39m [2m---[0;39m [2m[l-1 housekeeper][0;39m [36mcom.zaxxer.hikari.pool.HikariPool       [0;39m [2m:[0;39m HikariPool-1 - Fill pool skipped, pool is at sufficient level.
[2m2020-06-11 00:18:50.110[0;39m [32mDEBUG[0;39m [35m9600[0;39m [2m---[0;39m [2m[l-1 housekeeper][0;39m [36mcom.zaxxer.hikari.pool.HikariPool       [0;39m [2m:[0;39m HikariPool-1 - Pool stats (total=10, active=0, idle=10, waiting=0)
[2m2020-06-11 00:18:50.110[0;39m [32mDEBUG[0;39m [35m9600[0;39m [2m---[0;39m [2m[l-1 housekeeper][0;39m [36mcom.zaxxer.hikari.pool.HikariPool       [0;39m [2m:[0;39m HikariPool-1 - Fill pool skipped, pool is at sufficient level.
[2m2020-06-11 00:19:20.111[0;39m [32mDEBUG[0;39m [35m9600[0;39m [2m---[0;39m [2m[l-1 housekeeper][0;39m [36mcom.zaxxer.hikari.pool.HikariPool       [0;39m [2m:[0;39m HikariPool-1 - Pool stats (total=10, active=0, idle=10, waiting=0)
[2m2020-06-11 00:19:20.111[0;39m [32mDEBUG[0;39m [35m9600[0;39m [2m---[0;39m [2m[l-1 housekeeper][0;39m [36mcom.zaxxer.hikari.pool.HikariPool       [0;39m [2m:[0;39m HikariPool-1 - Fill pool skipped, pool is at sufficient level.
[2m2020-06-11 00:19:50.112[0;39m [32mDEBUG[0;39m [35m9600[0;39m [2m---[0;39m [2m[l-1 housekeeper][0;39m [36mcom.zaxxer.hikari.pool.HikariPool       [0;39m [2m:[0;39m HikariPool-1 - Pool stats (total=10, active=0, idle=10, waiting=0)
[2m2020-06-11 00:19:50.112[0;39m [32mDEBUG[0;39m [35m9600[0;39m [2m---[0;39m [2m[l-1 housekeeper][0;39m [36mcom.zaxxer.hikari.pool.HikariPool       [0;39m [2m:[0;39m HikariPool-1 - Fill pool skipped, pool is at sufficient level.
[2m2020-06-11 00:20:20.114[0;39m [32mDEBUG[0;39m [35m9600[0;39m [2m---[0;39m [2m[l-1 housekeeper][0;39m [36mcom.zaxxer.hikari.pool.HikariPool       [0;39m [2m:[0;39m HikariPool-1 - Pool stats (total=10, active=0, idle=10, waiting=0)
[2m2020-06-11 00:20:20.114[0;39m [32mDEBUG[0;39m [35m9600[0;39m [2m---[0;39m [2m[l-1 housekeeper][0;39m [36mcom.zaxxer.hikari.pool.HikariPool       [0;39m [2m:[0;39m HikariPool-1 - Fill pool skipped, pool is at sufficient level.
[2m2020-06-11 00:20:50.116[0;39m [32mDEBUG[0;39m [35m9600[0;39m [2m---[0;39m [2m[l-1 housekeeper][0;39m [36mcom.zaxxer.hikari.pool.HikariPool       [0;39m [2m:[0;39m HikariPool-1 - Pool stats (total=10, active=0, idle=10, waiting=0)
[2m2020-06-11 00:20:50.116[0;39m [32mDEBUG[0;39m [35m9600[0;39m [2m---[0;39m [2m[l-1 housekeeper][0;39m [36mcom.zaxxer.hikari.pool.HikariPool       [0;39m [2m:[0;39m HikariPool-1 - Fill pool skipped, pool is at sufficient level.
[2m2020-06-11 00:21:20.117[0;39m [32mDEBUG[0;39m [35m9600[0;39m [2m---[0;39m [2m[l-1 housekeeper][0;39m [36mcom.zaxxer.hikari.pool.HikariPool       [0;39m [2m:[0;39m HikariPool-1 - Pool stats (total=10, active=0, idle=10, waiting=0)
[2m2020-06-11 00:21:20.117[0;39m [32mDEBUG[0;39m [35m9600[0;39m [2m---[0;39m [2m[l-1 housekeeper][0;39m [36mcom.zaxxer.hikari.pool.HikariPool       [0;39m [2m:[0;39m HikariPool-1 - Fill pool skipped, pool is at sufficient level.
[2m2020-06-11 00:21:50.118[0;39m [32mDEBUG[0;39m [35m9600[0;39m [2m---[0;39m [2m[l-1 housekeeper][0;39m [36mcom.zaxxer.hikari.pool.HikariPool       [0;39m [2m:[0;39m HikariPool-1 - Pool stats (total=10, active=0, idle=10, waiting=0)
[2m2020-06-11 00:21:50.118[0;39m [32mDEBUG[0;39m [35m9600[0;39m [2m---[0;39m [2m[l-1 housekeeper][0;39m [36mcom.zaxxer.hikari.pool.HikariPool       [0;39m [2m:[0;39m HikariPool-1 - Fill pool skipped, pool is at sufficient level.
[2m2020-06-11 00:22:20.120[0;39m [32mDEBUG[0;39m [35m9600[0;39m [2m---[0;39m [2m[l-1 housekeeper][0;39m [36mcom.zaxxer.hikari.pool.HikariPool       [0;39m [2m:[0;39m HikariPool-1 - Pool stats (total=10, active=0, idle=10, waiting=0)
[2m2020-06-11 00:22:20.120[0;39m [32mDEBUG[0;39m [35m9600[0;39m [2m---[0;39m [2m[l-1 housekeeper][0;39m [36mcom.zaxxer.hikari.pool.HikariPool       [0;39m [2m:[0;39m HikariPool-1 - Fill pool skipped, pool is at sufficient level.
[2m2020-06-11 00:22:50.121[0;39m [32mDEBUG[0;39m [35m9600[0;39m [2m---[0;39m [2m[l-1 housekeeper][0;39m [36mcom.zaxxer.hikari.pool.HikariPool       [0;39m [2m:[0;39m HikariPool-1 - Pool stats (total=10, active=0, idle=10, waiting=0)
[2m2020-06-11 00:22:50.121[0;39m [32mDEBUG[0;39m [35m9600[0;39m [2m---[0;39m [2m[l-1 housekeeper][0;39m [36mcom.zaxxer.hikari.pool.HikariPool       [0;39m [2m:[0;39m HikariPool-1 - Fill pool skipped, pool is at sufficient level.
[2m2020-06-11 00:23:20.123[0;39m [32mDEBUG[0;39m [35m9600[0;39m [2m---[0;39m [2m[l-1 housekeeper][0;39m [36mcom.zaxxer.hikari.pool.HikariPool       [0;39m [2m:[0;39m HikariPool-1 - Pool stats (total=10, active=0, idle=10, waiting=0)
[2m2020-06-11 00:23:20.123[0;39m [32mDEBUG[0;39m [35m9600[0;39m [2m---[0;39m [2m[l-1 housekeeper][0;39m [36mcom.zaxxer.hikari.pool.HikariPool       [0;39m [2m:[0;39m HikariPool-1 - Fill pool skipped, pool is at sufficient level.
[2m2020-06-11 00:23:50.124[0;39m [32mDEBUG[0;39m [35m9600[0;39m [2m---[0;39m [2m[l-1 housekeeper][0;39m [36mcom.zaxxer.hikari.pool.HikariPool       [0;39m [2m:[0;39m HikariPool-1 - Pool stats (total=10, active=0, idle=10, waiting=0)
[2m2020-06-11 00:23:50.124[0;39m [32mDEBUG[0;39m [35m9600[0;39m [2m---[0;39m [2m[l-1 housekeeper][0;39m [36mcom.zaxxer.hikari.pool.HikariPool       [0;39m [2m:[0;39m HikariPool-1 - Fill pool skipped, pool is at sufficient level.
[2m2020-06-11 00:24:20.125[0;39m [32mDEBUG[0;39m [35m9600[0;39m [2m---[0;39m [2m[l-1 housekeeper][0;39m [36mcom.zaxxer.hikari.pool.HikariPool       [0;39m [2m:[0;39m HikariPool-1 - Pool stats (total=10, active=0, idle=10, waiting=0)
[2m2020-06-11 00:24:20.125[0;39m [32mDEBUG[0;39m [35m9600[0;39m [2m---[0;39m [2m[l-1 housekeeper][0;39m [36mcom.zaxxer.hikari.pool.HikariPool       [0;39m [2m:[0;39m HikariPool-1 - Fill pool skipped, pool is at sufficient level.
[2m2020-06-11 00:24:50.127[0;39m [32mDEBUG[0;39m [35m9600[0;39m [2m---[0;39m [2m[l-1 housekeeper][0;39m [36mcom.zaxxer.hikari.pool.HikariPool       [0;39m [2m:[0;39m HikariPool-1 - Pool stats (total=10, active=0, idle=10, waiting=0)
[2m2020-06-11 00:24:50.127[0;39m [32mDEBUG[0;39m [35m9600[0;39m [2m---[0;39m [2m[l-1 housekeeper][0;39m [36mcom.zaxxer.hikari.pool.HikariPool       [0;39m [2m:[0;39m HikariPool-1 - Fill pool skipped, pool is at sufficient level.
[2m2020-06-11 00:25:20.129[0;39m [32mDEBUG[0;39m [35m9600[0;39m [2m---[0;39m [2m[l-1 housekeeper][0;39m [36mcom.zaxxer.hikari.pool.HikariPool       [0;39m [2m:[0;39m HikariPool-1 - Pool stats (total=10, active=0, idle=10, waiting=0)
[2m2020-06-11 00:25:20.129[0;39m [32mDEBUG[0;39m [35m9600[0;39m [2m---[0;39m [2m[l-1 housekeeper][0;39m [36mcom.zaxxer.hikari.pool.HikariPool       [0;39m [2m:[0;39m HikariPool-1 - Fill pool skipped, pool is at sufficient level.
[2m2020-06-11 00:25:50.131[0;39m [32mDEBUG[0;39m [35m9600[0;39m [2m---[0;39m [2m[l-1 housekeeper][0;39m [36mcom.zaxxer.hikari.pool.HikariPool       [0;39m [2m:[0;39m HikariPool-1 - Pool stats (total=10, active=0, idle=10, waiting=0)
[2m2020-06-11 00:25:50.131[0;39m [32mDEBUG[0;39m [35m9600[0;39m [2m---[0;39m [2m[l-1 housekeeper][0;39m [36mcom.zaxxer.hikari.pool.HikariPool       [0;39m [2m:[0;39m HikariPool-1 - Fill pool skipped, pool is at sufficient level.
[2m2020-06-11 00:26:20.131[0;39m [32mDEBUG[0;39m [35m9600[0;39m [2m---[0;39m [2m[l-1 housekeeper][0;39m [36mcom.zaxxer.hikari.pool.HikariPool       [0;39m [2m:[0;39m HikariPool-1 - Pool stats (total=10, active=0, idle=10, waiting=0)
[2m2020-06-11 00:26:20.131[0;39m [32mDEBUG[0;39m [35m9600[0;39m [2m---[0;39m [2m[l-1 housekeeper][0;39m [36mcom.zaxxer.hikari.pool.HikariPool       [0;39m [2m:[0;39m HikariPool-1 - Fill pool skipped, pool is at sufficient level.
[2m2020-06-11 00:26:50.133[0;39m [32mDEBUG[0;39m [35m9600[0;39m [2m---[0;39m [2m[l-1 housekeeper][0;39m [36mcom.zaxxer.hikari.pool.HikariPool       [0;39m [2m:[0;39m HikariPool-1 - Pool stats (total=10, active=0, idle=10, waiting=0)
[2m2020-06-11 00:26:50.133[0;39m [32mDEBUG[0;39m [35m9600[0;39m [2m---[0;39m [2m[l-1 housekeeper][0;39m [36mcom.zaxxer.hikari.pool.HikariPool       [0;39m [2m:[0;39m HikariPool-1 - Fill pool skipped, pool is at sufficient level.
[2m2020-06-11 00:27:20.134[0;39m [32mDEBUG[0;39m [35m9600[0;39m [2m---[0;39m [2m[l-1 housekeeper][0;39m [36mcom.zaxxer.hikari.pool.HikariPool       [0;39m [2m:[0;39m HikariPool-1 - Pool stats (total=10, active=0, idle=10, waiting=0)
[2m2020-06-11 00:27:20.134[0;39m [32mDEBUG[0;39m [35m9600[0;39m [2m---[0;39m [2m[l-1 housekeeper][0;39m [36mcom.zaxxer.hikari.pool.HikariPool       [0;39m [2m:[0;39m HikariPool-1 - Fill pool skipped, pool is at sufficient level.
[2m2020-06-11 00:27:50.136[0;39m [32mDEBUG[0;39m [35m9600[0;39m [2m---[0;39m [2m[l-1 housekeeper][0;39m [36mcom.zaxxer.hikari.pool.HikariPool       [0;39m [2m:[0;39m HikariPool-1 - Pool stats (total=10, active=0, idle=10, waiting=0)
[2m2020-06-11 00:27:50.136[0;39m [32mDEBUG[0;39m [35m9600[0;39m [2m---[0;39m [2m[l-1 housekeeper][0;39m [36mcom.zaxxer.hikari.pool.HikariPool       [0;39m [2m:[0;39m HikariPool-1 - Fill pool skipped, pool is at sufficient level.
[2m2020-06-11 00:28:20.137[0;39m [32mDEBUG[0;39m [35m9600[0;39m [2m---[0;39m [2m[l-1 housekeeper][0;39m [36mcom.zaxxer.hikari.pool.HikariPool       [0;39m [2m:[0;39m HikariPool-1 - Pool stats (total=10, active=0, idle=10, waiting=0)
[2m2020-06-11 00:28:20.137[0;39m [32mDEBUG[0;39m [35m9600[0;39m [2m---[0;39m [2m[l-1 housekeeper][0;39m [36mcom.zaxxer.hikari.pool.HikariPool       [0;39m [2m:[0;39m HikariPool-1 - Fill pool skipped, pool is at sufficient level.
[2m2020-06-11 00:28:50.139[0;39m [32mDEBUG[0;39m [35m9600[0;39m [2m---[0;39m [2m[l-1 housekeeper][0;39m [36mcom.zaxxer.hikari.pool.HikariPool       [0;39m [2m:[0;39m HikariPool-1 - Pool stats (total=10, active=0, idle=10, waiting=0)
[2m2020-06-11 00:28:50.139[0;39m [32mDEBUG[0;39m [35m9600[0;39m [2m---[0;39m [2m[l-1 housekeeper][0;39m [36mcom.zaxxer.hikari.pool.HikariPool       [0;39m [2m:[0;39m HikariPool-1 - Fill pool skipped, pool is at sufficient level.
[2m2020-06-11 00:29:20.140[0;39m [32mDEBUG[0;39m [35m9600[0;39m [2m---[0;39m [2m[l-1 housekeeper][0;39m [36mcom.zaxxer.hikari.pool.HikariPool       [0;39m [2m:[0;39m HikariPool-1 - Pool stats (total=10, active=0, idle=10, waiting=0)
[2m2020-06-11 00:29:20.140[0;39m [32mDEBUG[0;39m [35m9600[0;39m [2m---[0;39m [2m[l-1 housekeeper][0;39m [36mcom.zaxxer.hikari.pool.HikariPool       [0;39m [2m:[0;39m HikariPool-1 - Fill pool skipped, pool is at sufficient level.
[2m2020-06-11 00:29:50.141[0;39m [32mDEBUG[0;39m [35m9600[0;39m [2m---[0;39m [2m[l-1 housekeeper][0;39m [36mcom.zaxxer.hikari.pool.HikariPool       [0;39m [2m:[0;39m HikariPool-1 - Pool stats (total=10, active=0, idle=10, waiting=0)
[2m2020-06-11 00:29:50.141[0;39m [32mDEBUG[0;39m [35m9600[0;39m [2m---[0;39m [2m[l-1 housekeeper][0;39m [36mcom.zaxxer.hikari.pool.HikariPool       [0;39m [2m:[0;39m HikariPool-1 - Fill pool skipped, pool is at sufficient level.
[2m2020-06-11 00:30:20.142[0;39m [32mDEBUG[0;39m [35m9600[0;39m [2m---[0;39m [2m[l-1 housekeeper][0;39m [36mcom.zaxxer.hikari.pool.HikariPool       [0;39m [2m:[0;39m HikariPool-1 - Pool stats (total=10, active=0, idle=10, waiting=0)
[2m2020-06-11 00:30:20.142[0;39m [32mDEBUG[0;39m [35m9600[0;39m [2m---[0;39m [2m[l-1 housekeeper][0;39m [36mcom.zaxxer.hikari.pool.HikariPool       [0;39m [2m:[0;39m HikariPool-1 - Fill pool skipped, pool is at sufficient level.
[2m2020-06-11 00:30:50.144[0;39m [32mDEBUG[0;39m [35m9600[0;39m [2m---[0;39m [2m[l-1 housekeeper][0;39m [36mcom.zaxxer.hikari.pool.HikariPool       [0;39m [2m:[0;39m HikariPool-1 - Pool stats (total=10, active=0, idle=10, waiting=0)
[2m2020-06-11 00:30:50.144[0;39m [32mDEBUG[0;39m [35m9600[0;39m [2m---[0;39m [2m[l-1 housekeeper][0;39m [36mcom.zaxxer.hikari.pool.HikariPool       [0;39m [2m:[0;39m HikariPool-1 - Fill pool skipped, pool is at sufficient level.
[2m2020-06-11 00:31:20.145[0;39m [32mDEBUG[0;39m [35m9600[0;39m [2m---[0;39m [2m[l-1 housekeeper][0;39m [36mcom.zaxxer.hikari.pool.HikariPool       [0;39m [2m:[0;39m HikariPool-1 - Pool stats (total=10, active=0, idle=10, waiting=0)
[2m2020-06-11 00:31:20.145[0;39m [32mDEBUG[0;39m [35m9600[0;39m [2m---[0;39m [2m[l-1 housekeeper][0;39m [36mcom.zaxxer.hikari.pool.HikariPool       [0;39m [2m:[0;39m HikariPool-1 - Fill pool skipped, pool is at sufficient level.
[2m2020-06-11 00:31:50.147[0;39m [32mDEBUG[0;39m [35m9600[0;39m [2m---[0;39m [2m[l-1 housekeeper][0;39m [36mcom.zaxxer.hikari.pool.HikariPool       [0;39m [2m:[0;39m HikariPool-1 - Pool stats (total=10, active=0, idle=10, waiting=0)
[2m2020-06-11 00:31:50.147[0;39m [32mDEBUG[0;39m [35m9600[0;39m [2m---[0;39m [2m[l-1 housekeeper][0;39m [36mcom.zaxxer.hikari.pool.HikariPool       [0;39m [2m:[0;39m HikariPool-1 - Fill pool skipped, pool is at sufficient level.
[2m2020-06-11 00:32:20.148[0;39m [32mDEBUG[0;39m [35m9600[0;39m [2m---[0;39m [2m[l-1 housekeeper][0;39m [36mcom.zaxxer.hikari.pool.HikariPool       [0;39m [2m:[0;39m HikariPool-1 - Pool stats (total=10, active=0, idle=10, waiting=0)
[2m2020-06-11 00:32:20.148[0;39m [32mDEBUG[0;39m [35m9600[0;39m [2m---[0;39m [2m[l-1 housekeeper][0;39m [36mcom.zaxxer.hikari.pool.HikariPool       [0;39m [2m:[0;39m HikariPool-1 - Fill pool skipped, pool is at sufficient level.
[2m2020-06-11 00:32:50.150[0;39m [32mDEBUG[0;39m [35m9600[0;39m [2m---[0;39m [2m[l-1 housekeeper][0;39m [36mcom.zaxxer.hikari.pool.HikariPool       [0;39m [2m:[0;39m HikariPool-1 - Pool stats (total=10, active=0, idle=10, waiting=0)
[2m2020-06-11 00:32:50.150[0;39m [32mDEBUG[0;39m [35m9600[0;39m [2m---[0;39m [2m[l-1 housekeeper][0;39m [36mcom.zaxxer.hikari.pool.HikariPool       [0;39m [2m:[0;39m HikariPool-1 - Fill pool skipped, pool is at sufficient level.
[2m2020-06-11 00:33:20.151[0;39m [32mDEBUG[0;39m [35m9600[0;39m [2m---[0;39m [2m[l-1 housekeeper][0;39m [36mcom.zaxxer.hikari.pool.HikariPool       [0;39m [2m:[0;39m HikariPool-1 - Pool stats (total=10, active=0, idle=10, waiting=0)
[2m2020-06-11 00:33:20.151[0;39m [32mDEBUG[0;39m [35m9600[0;39m [2m---[0;39m [2m[l-1 housekeeper][0;39m [36mcom.zaxxer.hikari.pool.HikariPool       [0;39m [2m:[0;39m HikariPool-1 - Fill pool skipped, pool is at sufficient level.
[2m2020-06-11 00:33:50.152[0;39m [32mDEBUG[0;39m [35m9600[0;39m [2m---[0;39m [2m[l-1 housekeeper][0;39m [36mcom.zaxxer.hikari.pool.HikariPool       [0;39m [2m:[0;39m HikariPool-1 - Pool stats (total=10, active=0, idle=10, waiting=0)
[2m2020-06-11 00:33:50.152[0;39m [32mDEBUG[0;39m [35m9600[0;39m [2m---[0;39m [2m[l-1 housekeeper][0;39m [36mcom.zaxxer.hikari.pool.HikariPool       [0;39m [2m:[0;39m HikariPool-1 - Fill pool skipped, pool is at sufficient level.
[2m2020-06-11 00:34:06.306[0;39m [32mDEBUG[0;39m [35m9600[0;39m [2m---[0;39m [2m[nnection closer][0;39m [36mcom.zaxxer.hikari.pool.PoolBase         [0;39m [2m:[0;39m HikariPool-1 - Closing connection com.mysql.cj.jdbc.ConnectionImpl@1e0ab307: (connection has passed maxLifetime)
[2m2020-06-11 00:34:06.335[0;39m [32mDEBUG[0;39m [35m9600[0;39m [2m---[0;39m [2m[onnection adder][0;39m [36mcom.zaxxer.hikari.pool.HikariPool       [0;39m [2m:[0;39m HikariPool-1 - Added connection com.mysql.cj.jdbc.ConnectionImpl@7e21feed
[2m2020-06-11 00:34:20.154[0;39m [32mDEBUG[0;39m [35m9600[0;39m [2m---[0;39m [2m[l-1 housekeeper][0;39m [36mcom.zaxxer.hikari.pool.HikariPool       [0;39m [2m:[0;39m HikariPool-1 - Pool stats (total=10, active=0, idle=10, waiting=0)
[2m2020-06-11 00:34:20.154[0;39m [32mDEBUG[0;39m [35m9600[0;39m [2m---[0;39m [2m[l-1 housekeeper][0;39m [36mcom.zaxxer.hikari.pool.HikariPool       [0;39m [2m:[0;39m HikariPool-1 - Fill pool skipped, pool is at sufficient level.
[2m2020-06-11 00:34:38.368[0;39m [32mDEBUG[0;39m [35m9600[0;39m [2m---[0;39m [2m[nnection closer][0;39m [36mcom.zaxxer.hikari.pool.PoolBase         [0;39m [2m:[0;39m HikariPool-1 - Closing connection com.mysql.cj.jdbc.ConnectionImpl@2c767b7d: (connection has passed maxLifetime)
[2m2020-06-11 00:34:38.406[0;39m [32mDEBUG[0;39m [35m9600[0;39m [2m---[0;39m [2m[onnection adder][0;39m [36mcom.zaxxer.hikari.pool.HikariPool       [0;39m [2m:[0;39m HikariPool-1 - Added connection com.mysql.cj.jdbc.ConnectionImpl@3e1b5308
[2m2020-06-11 00:34:44.028[0;39m [32mDEBUG[0;39m [35m9600[0;39m [2m---[0;39m [2m[nnection closer][0;39m [36mcom.zaxxer.hikari.pool.PoolBase         [0;39m [2m:[0;39m HikariPool-1 - Closing connection com.mysql.cj.jdbc.ConnectionImpl@7af33b6f: (connection has passed maxLifetime)
[2m2020-06-11 00:34:44.057[0;39m [32mDEBUG[0;39m [35m9600[0;39m [2m---[0;39m [2m[onnection adder][0;39m [36mcom.zaxxer.hikari.pool.HikariPool       [0;39m [2m:[0;39m HikariPool-1 - Added connection com.mysql.cj.jdbc.ConnectionImpl@4592254b
[2m2020-06-11 00:34:46.778[0;39m [32mDEBUG[0;39m [35m9600[0;39m [2m---[0;39m [2m[nnection closer][0;39m [36mcom.zaxxer.hikari.pool.PoolBase         [0;39m [2m:[0;39m HikariPool-1 - Closing connection com.mysql.cj.jdbc.ConnectionImpl@6d4b7146: (connection has passed maxLifetime)
[2m2020-06-11 00:34:46.791[0;39m [32mDEBUG[0;39m [35m9600[0;39m [2m---[0;39m [2m[onnection adder][0;39m [36mcom.zaxxer.hikari.pool.HikariPool       [0;39m [2m:[0;39m HikariPool-1 - Added connection com.mysql.cj.jdbc.ConnectionImpl@4af2f70
[2m2020-06-11 00:34:50.155[0;39m [32mDEBUG[0;39m [35m9600[0;39m [2m---[0;39m [2m[l-1 housekeeper][0;39m [36mcom.zaxxer.hikari.pool.HikariPool       [0;39m [2m:[0;39m HikariPool-1 - Pool stats (total=10, active=0, idle=10, waiting=0)
[2m2020-06-11 00:34:50.155[0;39m [32mDEBUG[0;39m [35m9600[0;39m [2m---[0;39m [2m[l-1 housekeeper][0;39m [36mcom.zaxxer.hikari.pool.HikariPool       [0;39m [2m:[0;39m HikariPool-1 - Fill pool skipped, pool is at sufficient level.
[2m2020-06-11 00:35:01.039[0;39m [32mDEBUG[0;39m [35m9600[0;39m [2m---[0;39m [2m[nnection closer][0;39m [36mcom.zaxxer.hikari.pool.PoolBase         [0;39m [2m:[0;39m HikariPool-1 - Closing connection com.mysql.cj.jdbc.ConnectionImpl@744a05a4: (connection has passed maxLifetime)
[2m2020-06-11 00:35:01.054[0;39m [32mDEBUG[0;39m [35m9600[0;39m [2m---[0;39m [2m[onnection adder][0;39m [36mcom.zaxxer.hikari.pool.HikariPool       [0;39m [2m:[0;39m HikariPool-1 - Added connection com.mysql.cj.jdbc.ConnectionImpl@1760637b
[2m2020-06-11 00:35:15.266[0;39m [32mDEBUG[0;39m [35m9600[0;39m [2m---[0;39m [2m[nnection closer][0;39m [36mcom.zaxxer.hikari.pool.PoolBase         [0;39m [2m:[0;39m HikariPool-1 - Closing connection com.mysql.cj.jdbc.ConnectionImpl@7fe44ad5: (connection has passed maxLifetime)
[2m2020-06-11 00:35:15.280[0;39m [32mDEBUG[0;39m [35m9600[0;39m [2m---[0;39m [2m[onnection adder][0;39m [36mcom.zaxxer.hikari.pool.HikariPool       [0;39m [2m:[0;39m HikariPool-1 - Added connection com.mysql.cj.jdbc.ConnectionImpl@7618d646
[2m2020-06-11 00:35:16.719[0;39m [32mDEBUG[0;39m [35m9600[0;39m [2m---[0;39m [2m[nnection closer][0;39m [36mcom.zaxxer.hikari.pool.PoolBase         [0;39m [2m:[0;39m HikariPool-1 - Closing connection com.mysql.cj.jdbc.ConnectionImpl@5cae492b: (connection has passed maxLifetime)
[2m2020-06-11 00:35:16.741[0;39m [32mDEBUG[0;39m [35m9600[0;39m [2m---[0;39m [2m[onnection adder][0;39m [36mcom.zaxxer.hikari.pool.HikariPool       [0;39m [2m:[0;39m HikariPool-1 - Added connection com.mysql.cj.jdbc.ConnectionImpl@3725dc7d
[2m2020-06-11 00:35:20.156[0;39m [32mDEBUG[0;39m [35m9600[0;39m [2m---[0;39m [2m[l-1 housekeeper][0;39m [36mcom.zaxxer.hikari.pool.HikariPool       [0;39m [2m:[0;39m HikariPool-1 - Pool stats (total=10, active=0, idle=10, waiting=0)
[2m2020-06-11 00:35:20.156[0;39m [32mDEBUG[0;39m [35m9600[0;39m [2m---[0;39m [2m[l-1 housekeeper][0;39m [36mcom.zaxxer.hikari.pool.HikariPool       [0;39m [2m:[0;39m HikariPool-1 - Fill pool skipped, pool is at sufficient level.
[2m2020-06-11 00:35:32.225[0;39m [32mDEBUG[0;39m [35m9600[0;39m [2m---[0;39m [2m[nnection closer][0;39m [36mcom.zaxxer.hikari.pool.PoolBase         [0;39m [2m:[0;39m HikariPool-1 - Closing connection com.mysql.cj.jdbc.ConnectionImpl@1d934310: (connection has passed maxLifetime)
[2m2020-06-11 00:35:32.238[0;39m [32mDEBUG[0;39m [35m9600[0;39m [2m---[0;39m [2m[onnection adder][0;39m [36mcom.zaxxer.hikari.pool.HikariPool       [0;39m [2m:[0;39m HikariPool-1 - Added connection com.mysql.cj.jdbc.ConnectionImpl@237421aa
[2m2020-06-11 00:35:32.520[0;39m [32mDEBUG[0;39m [35m9600[0;39m [2m---[0;39m [2m[nnection closer][0;39m [36mcom.zaxxer.hikari.pool.PoolBase         [0;39m [2m:[0;39m HikariPool-1 - Closing connection com.mysql.cj.jdbc.ConnectionImpl@3ed940ee: (connection has passed maxLifetime)
[2m2020-06-11 00:35:32.533[0;39m [32mDEBUG[0;39m [35m9600[0;39m [2m---[0;39m [2m[onnection adder][0;39m [36mcom.zaxxer.hikari.pool.HikariPool       [0;39m [2m:[0;39m HikariPool-1 - Added connection com.mysql.cj.jdbc.ConnectionImpl@62492b91
[2m2020-06-11 00:35:35.858[0;39m [32mDEBUG[0;39m [35m9600[0;39m [2m---[0;39m [2m[nnection closer][0;39m [36mcom.zaxxer.hikari.pool.PoolBase         [0;39m [2m:[0;39m HikariPool-1 - Closing connection com.mysql.cj.jdbc.ConnectionImpl@56c3de4e: (connection has passed maxLifetime)
[2m2020-06-11 00:35:35.911[0;39m [32mDEBUG[0;39m [35m9600[0;39m [2m---[0;39m [2m[onnection adder][0;39m [36mcom.zaxxer.hikari.pool.HikariPool       [0;39m [2m:[0;39m HikariPool-1 - Added connection com.mysql.cj.jdbc.ConnectionImpl@53e1efe6
[2m2020-06-11 00:35:50.157[0;39m [32mDEBUG[0;39m [35m9600[0;39m [2m---[0;39m [2m[l-1 housekeeper][0;39m [36mcom.zaxxer.hikari.pool.HikariPool       [0;39m [2m:[0;39m HikariPool-1 - Pool stats (total=10, active=0, idle=10, waiting=0)
[2m2020-06-11 00:35:50.157[0;39m [32mDEBUG[0;39m [35m9600[0;39m [2m---[0;39m [2m[l-1 housekeeper][0;39m [36mcom.zaxxer.hikari.pool.HikariPool       [0;39m [2m:[0;39m HikariPool-1 - Fill pool skipped, pool is at sufficient level.
[2m2020-06-11 00:36:20.158[0;39m [32mDEBUG[0;39m [35m9600[0;39m [2m---[0;39m [2m[l-1 housekeeper][0;39m [36mcom.zaxxer.hikari.pool.HikariPool       [0;39m [2m:[0;39m HikariPool-1 - Pool stats (total=10, active=0, idle=10, waiting=0)
[2m2020-06-11 00:36:20.158[0;39m [32mDEBUG[0;39m [35m9600[0;39m [2m---[0;39m [2m[l-1 housekeeper][0;39m [36mcom.zaxxer.hikari.pool.HikariPool       [0;39m [2m:[0;39m HikariPool-1 - Fill pool skipped, pool is at sufficient level.
[2m2020-06-11 00:36:50.159[0;39m [32mDEBUG[0;39m [35m9600[0;39m [2m---[0;39m [2m[l-1 housekeeper][0;39m [36mcom.zaxxer.hikari.pool.HikariPool       [0;39m [2m:[0;39m HikariPool-1 - Pool stats (total=10, active=0, idle=10, waiting=0)
[2m2020-06-11 00:36:50.159[0;39m [32mDEBUG[0;39m [35m9600[0;39m [2m---[0;39m [2m[l-1 housekeeper][0;39m [36mcom.zaxxer.hikari.pool.HikariPool       [0;39m [2m:[0;39m HikariPool-1 - Fill pool skipped, pool is at sufficient level.
[2m2020-06-11 00:37:20.161[0;39m [32mDEBUG[0;39m [35m9600[0;39m [2m---[0;39m [2m[l-1 housekeeper][0;39m [36mcom.zaxxer.hikari.pool.HikariPool       [0;39m [2m:[0;39m HikariPool-1 - Pool stats (total=10, active=0, idle=10, waiting=0)
[2m2020-06-11 00:37:20.161[0;39m [32mDEBUG[0;39m [35m9600[0;39m [2m---[0;39m [2m[l-1 housekeeper][0;39m [36mcom.zaxxer.hikari.pool.HikariPool       [0;39m [2m:[0;39m HikariPool-1 - Fill pool skipped, pool is at sufficient level.
[2m2020-06-11 00:37:50.163[0;39m [32mDEBUG[0;39m [35m9600[0;39m [2m---[0;39m [2m[l-1 housekeeper][0;39m [36mcom.zaxxer.hikari.pool.HikariPool       [0;39m [2m:[0;39m HikariPool-1 - Pool stats (total=10, active=0, idle=10, waiting=0)
[2m2020-06-11 00:37:50.163[0;39m [32mDEBUG[0;39m [35m9600[0;39m [2m---[0;39m [2m[l-1 housekeeper][0;39m [36mcom.zaxxer.hikari.pool.HikariPool       [0;39m [2m:[0;39m HikariPool-1 - Fill pool skipped, pool is at sufficient level.
[2m2020-06-11 00:38:20.164[0;39m [32mDEBUG[0;39m [35m9600[0;39m [2m---[0;39m [2m[l-1 housekeeper][0;39m [36mcom.zaxxer.hikari.pool.HikariPool       [0;39m [2m:[0;39m HikariPool-1 - Pool stats (total=10, active=0, idle=10, waiting=0)
[2m2020-06-11 00:38:20.164[0;39m [32mDEBUG[0;39m [35m9600[0;39m [2m---[0;39m [2m[l-1 housekeeper][0;39m [36mcom.zaxxer.hikari.pool.HikariPool       [0;39m [2m:[0;39m HikariPool-1 - Fill pool skipped, pool is at sufficient level.
[2m2020-06-11 00:38:50.165[0;39m [32mDEBUG[0;39m [35m9600[0;39m [2m---[0;39m [2m[l-1 housekeeper][0;39m [36mcom.zaxxer.hikari.pool.HikariPool       [0;39m [2m:[0;39m HikariPool-1 - Pool stats (total=10, active=0, idle=10, waiting=0)
[2m2020-06-11 00:38:50.165[0;39m [32mDEBUG[0;39m [35m9600[0;39m [2m---[0;39m [2m[l-1 housekeeper][0;39m [36mcom.zaxxer.hikari.pool.HikariPool       [0;39m [2m:[0;39m HikariPool-1 - Fill pool skipped, pool is at sufficient level.
[2m2020-06-11 00:39:20.166[0;39m [32mDEBUG[0;39m [35m9600[0;39m [2m---[0;39m [2m[l-1 housekeeper][0;39m [36mcom.zaxxer.hikari.pool.HikariPool       [0;39m [2m:[0;39m HikariPool-1 - Pool stats (total=10, active=0, idle=10, waiting=0)
[2m2020-06-11 00:39:20.166[0;39m [32mDEBUG[0;39m [35m9600[0;39m [2m---[0;39m [2m[l-1 housekeeper][0;39m [36mcom.zaxxer.hikari.pool.HikariPool       [0;39m [2m:[0;39m HikariPool-1 - Fill pool skipped, pool is at sufficient level.
[2m2020-06-11 00:39:50.168[0;39m [32mDEBUG[0;39m [35m9600[0;39m [2m---[0;39m [2m[l-1 housekeeper][0;39m [36mcom.zaxxer.hikari.pool.HikariPool       [0;39m [2m:[0;39m HikariPool-1 - Pool stats (total=10, active=0, idle=10, waiting=0)
[2m2020-06-11 00:39:50.168[0;39m [32mDEBUG[0;39m [35m9600[0;39m [2m---[0;39m [2m[l-1 housekeeper][0;39m [36mcom.zaxxer.hikari.pool.HikariPool       [0;39m [2m:[0;39m HikariPool-1 - Fill pool skipped, pool is at sufficient level.
[2m2020-06-11 00:40:20.170[0;39m [32mDEBUG[0;39m [35m9600[0;39m [2m---[0;39m [2m[l-1 housekeeper][0;39m [36mcom.zaxxer.hikari.pool.HikariPool       [0;39m [2m:[0;39m HikariPool-1 - Pool stats (total=10, active=0, idle=10, waiting=0)
[2m2020-06-11 00:40:20.170[0;39m [32mDEBUG[0;39m [35m9600[0;39m [2m---[0;39m [2m[l-1 housekeeper][0;39m [36mcom.zaxxer.hikari.pool.HikariPool       [0;39m [2m:[0;39m HikariPool-1 - Fill pool skipped, pool is at sufficient level.
[2m2020-06-11 00:40:50.172[0;39m [32mDEBUG[0;39m [35m9600[0;39m [2m---[0;39m [2m[l-1 housekeeper][0;39m [36mcom.zaxxer.hikari.pool.HikariPool       [0;39m [2m:[0;39m HikariPool-1 - Pool stats (total=10, active=0, idle=10, waiting=0)
[2m2020-06-11 00:40:50.172[0;39m [32mDEBUG[0;39m [35m9600[0;39m [2m---[0;39m [2m[l-1 housekeeper][0;39m [36mcom.zaxxer.hikari.pool.HikariPool       [0;39m [2m:[0;39m HikariPool-1 - Fill pool skipped, pool is at sufficient level.
